{
  "stats": {
    "suites": 1,
    "tests": 1,
    "passes": 1,
    "pending": 0,
    "failures": 0,
    "start": "2024-07-15T02:27:43.537Z",
    "end": "2024-07-15T02:27:50.796Z",
    "duration": 7259,
    "testsRegistered": 1,
    "passPercent": 100,
    "pendingPercent": 0,
    "other": 0,
    "hasOther": false,
    "skipped": 0,
    "hasSkipped": false
  },
  "results": [
    {
      "uuid": "280c6710-ea7e-4161-b3d1-ed3e6fd3c369",
      "title": "",
      "fullFile": "cypress\\e2e\\adicionarUmaEmpresa.cy.js",
      "file": "cypress\\e2e\\adicionarUmaEmpresa.cy.js",
      "beforeHooks": [],
      "afterHooks": [],
      "tests": [],
      "suites": [
        {
          "uuid": "a44460fa-e5b2-4bda-943e-9715ad0c808f",
          "title": "Adicionar uma empresa ao input",
          "fullFile": "",
          "file": "",
          "beforeHooks": [],
          "afterHooks": [],
          "tests": [
            {
              "title": "Clicar no input de empresa e selecionar uma das empresas listadas",
              "fullTitle": "Adicionar uma empresa ao input Clicar no input de empresa e selecionar uma das empresas listadas",
              "timedOut": null,
              "duration": 3630,
              "state": "passed",
              "speed": "fast",
              "pass": true,
              "fail": false,
              "pending": false,
              "context": null,
              "code": "cy.get('button').contains('Novo Usuário').click();\ncy.get('#search_input').click();\ncy.get('.optionContainer').children('li').should('have.length', 3);\ncy.get('.optionContainer').contains('li', 'Empresa 1').click();\ncy.get('.search-wrapper').find('span').should('have.text', 'Empresa 1');\ncy.get('.optionContainer').children('li').should('have.length', 2);",
              "err": {},
              "uuid": "01b7dc8c-dc4b-4045-b044-0cb7a0bfc8e7",
              "parentUUID": "a44460fa-e5b2-4bda-943e-9715ad0c808f",
              "isHook": false,
              "skipped": false
            }
          ],
          "suites": [],
          "passes": [
            "01b7dc8c-dc4b-4045-b044-0cb7a0bfc8e7"
          ],
          "failures": [],
          "pending": [],
          "skipped": [],
          "duration": 3630,
          "root": false,
          "rootEmpty": false,
          "_timeout": 2000
        }
      ],
      "passes": [],
      "failures": [],
      "pending": [],
      "skipped": [],
      "duration": 0,
      "root": true,
      "rootEmpty": true,
      "_timeout": 2000
    }
  ],
  "meta": {
    "mocha": {
      "version": "7.0.1"
    },
    "mochawesome": {
      "options": {
        "quiet": false,
        "reportFilename": "mochawesome",
        "saveHtml": true,
        "saveJson": true,
        "consoleReporter": "spec",
        "useInlineDiffs": false,
        "code": true
      },
      "version": "7.1.3"
    },
    "marge": {
      "options": {
        "reportDir": "cypress/reports/mocha",
        "overwrite": false,
        "html": true,
        "json": true
      },
      "version": "6.2.0"
    }
  }
}