{
  "stats": {
    "suites": 1,
    "tests": 1,
    "passes": 1,
    "pending": 0,
    "failures": 0,
    "start": "2024-07-15T02:26:56.651Z",
    "end": "2024-07-15T02:27:04.418Z",
    "duration": 7767,
    "testsRegistered": 1,
    "passPercent": 100,
    "pendingPercent": 0,
    "other": 0,
    "hasOther": false,
    "skipped": 0,
    "hasSkipped": false
  },
  "results": [
    {
      "uuid": "6372958b-0e16-491a-b781-39104bb9c06c",
      "title": "",
      "fullFile": "cypress\\e2e\\abrirModalCadastro.cy.js",
      "file": "cypress\\e2e\\abrirModalCadastro.cy.js",
      "beforeHooks": [],
      "afterHooks": [],
      "tests": [],
      "suites": [
        {
          "uuid": "5f3f0fc7-ac2f-43c8-809c-4aed657a07ac",
          "title": "Abrir Modal de Cadastro",
          "fullFile": "",
          "file": "",
          "beforeHooks": [],
          "afterHooks": [],
          "tests": [
            {
              "title": "Clicar no botão \"Novo Usuário\" e verificar se a modal está aberta",
              "fullTitle": "Abrir Modal de Cadastro Clicar no botão \"Novo Usuário\" e verificar se a modal está aberta",
              "timedOut": null,
              "duration": 4030,
              "state": "passed",
              "speed": "fast",
              "pass": true,
              "fail": false,
              "pending": false,
              "context": null,
              "code": "cy.get('button').contains('Novo Usuário').click();\ncy.get('h2').contains('Cadastrar novo usuário');\ncy.get('[placeholder=\"Nome\"]').should('be.visible');\ncy.get('[placeholder=\"Email\"]').should('be.visible');\ncy.get('[placeholder=\"Telefone\"]').should('be.visible');\ncy.get('[placeholder=\"Cidade de nascimento\"]').should('be.visible');\ncy.get('[placeholder=\"Data de nascimento\"]').should('be.visible');\ncy.get('[placeholder=\"Empresas\"]').should('be.visible');\ncy.get('button').contains('Salvar');",
              "err": {},
              "uuid": "99fdf657-b2e6-4543-a158-8bc0cb94e609",
              "parentUUID": "5f3f0fc7-ac2f-43c8-809c-4aed657a07ac",
              "isHook": false,
              "skipped": false
            }
          ],
          "suites": [],
          "passes": [
            "99fdf657-b2e6-4543-a158-8bc0cb94e609"
          ],
          "failures": [],
          "pending": [],
          "skipped": [],
          "duration": 4030,
          "root": false,
          "rootEmpty": false,
          "_timeout": 2000
        }
      ],
      "passes": [],
      "failures": [],
      "pending": [],
      "skipped": [],
      "duration": 0,
      "root": true,
      "rootEmpty": true,
      "_timeout": 2000
    }
  ],
  "meta": {
    "mocha": {
      "version": "7.0.1"
    },
    "mochawesome": {
      "options": {
        "quiet": false,
        "reportFilename": "mochawesome",
        "saveHtml": true,
        "saveJson": true,
        "consoleReporter": "spec",
        "useInlineDiffs": false,
        "code": true
      },
      "version": "7.1.3"
    },
    "marge": {
      "options": {
        "reportDir": "cypress/reports/mocha",
        "overwrite": false,
        "html": true,
        "json": true
      },
      "version": "6.2.0"
    }
  }
}