{
  "stats": {
    "suites": 1,
    "tests": 1,
    "passes": 1,
    "pending": 0,
    "failures": 0,
    "start": "2024-07-15T02:27:55.555Z",
    "end": "2024-07-15T02:28:02.689Z",
    "duration": 7134,
    "testsRegistered": 1,
    "passPercent": 100,
    "pendingPercent": 0,
    "other": 0,
    "hasOther": false,
    "skipped": 0,
    "hasSkipped": false
  },
  "results": [
    {
      "uuid": "9d71b967-f3bc-4ef4-a460-d9cd85a503df",
      "title": "",
      "fullFile": "cypress\\e2e\\digitarDataNascimento.cy.js",
      "file": "cypress\\e2e\\digitarDataNascimento.cy.js",
      "beforeHooks": [],
      "afterHooks": [],
      "tests": [],
      "suites": [
        {
          "uuid": "784d12f8-e78e-4099-8cf7-9501bb79428c",
          "title": "Abrir Modal de Cadastro",
          "fullFile": "",
          "file": "",
          "beforeHooks": [],
          "afterHooks": [],
          "tests": [
            {
              "title": "Digitar a data de nascimento",
              "fullTitle": "Abrir Modal de Cadastro Digitar a data de nascimento",
              "timedOut": null,
              "duration": 3862,
              "state": "passed",
              "speed": "fast",
              "pass": true,
              "fail": false,
              "pending": false,
              "context": null,
              "code": "cy.get('[placeholder=\"Data de nascimento\"]').type('2000-01-01');\ncy.get('input[type=\"date\"]').should('have.value', '2000-01-01');",
              "err": {},
              "uuid": "22df6ad1-97e4-4c69-8e62-6e6eadbeaefb",
              "parentUUID": "784d12f8-e78e-4099-8cf7-9501bb79428c",
              "isHook": false,
              "skipped": false
            }
          ],
          "suites": [],
          "passes": [
            "22df6ad1-97e4-4c69-8e62-6e6eadbeaefb"
          ],
          "failures": [],
          "pending": [],
          "skipped": [],
          "duration": 3862,
          "root": false,
          "rootEmpty": false,
          "_timeout": 2000
        }
      ],
      "passes": [],
      "failures": [],
      "pending": [],
      "skipped": [],
      "duration": 0,
      "root": true,
      "rootEmpty": true,
      "_timeout": 2000
    }
  ],
  "meta": {
    "mocha": {
      "version": "7.0.1"
    },
    "mochawesome": {
      "options": {
        "quiet": false,
        "reportFilename": "mochawesome",
        "saveHtml": true,
        "saveJson": true,
        "consoleReporter": "spec",
        "useInlineDiffs": false,
        "code": true
      },
      "version": "7.1.3"
    },
    "marge": {
      "options": {
        "reportDir": "cypress/reports/mocha",
        "overwrite": false,
        "html": true,
        "json": true
      },
      "version": "6.2.0"
    }
  }
}