{
  "stats": {
    "suites": 1,
    "tests": 1,
    "passes": 1,
    "pending": 0,
    "failures": 0,
    "start": "2024-07-15T02:28:20.452Z",
    "end": "2024-07-15T02:28:33.886Z",
    "duration": 13434,
    "testsRegistered": 1,
    "passPercent": 100,
    "pendingPercent": 0,
    "other": 0,
    "hasOther": false,
    "skipped": 0,
    "hasSkipped": false
  },
  "results": [
    {
      "uuid": "289d04f7-f1ba-455c-881d-7f9362aef022",
      "title": "",
      "fullFile": "cypress\\e2e\\excluirUsuario.cy.js",
      "file": "cypress\\e2e\\excluirUsuario.cy.js",
      "beforeHooks": [],
      "afterHooks": [],
      "tests": [],
      "suites": [
        {
          "uuid": "86ad565f-e995-4442-9552-e54183cfe418",
          "title": "Excluir cadastro do usuário",
          "fullFile": "",
          "file": "",
          "beforeHooks": [],
          "afterHooks": [],
          "tests": [
            {
              "title": "Clicar no botão de exclusão e verificar se o usuário foi deletado",
              "fullTitle": "Excluir cadastro do usuário Clicar no botão de exclusão e verificar se o usuário foi deletado",
              "timedOut": null,
              "duration": 10066,
              "state": "passed",
              "speed": "slow",
              "pass": true,
              "fail": false,
              "pending": false,
              "context": null,
              "code": "cy.request('http://localhost:8400/api/user').then(response => {\n  const users = response.body;\n  const lastUser = users[users.length - 1];\n  const userId = lastUser.id_user;\n  cy.get('table tbody tr').last().find('button').last().click();\n  cy.wait(2000);\n  cy.get('.swal2-popup').should('be.visible');\n  cy.get('i').should('contain', 'Usuário deletado com sucesso!');\n  cy.request({\n    method: 'GET',\n    url: `http://localhost:8400/api/user/${userId}`\n  }).then(response => {\n    expect(response.status).to.eq(200);\n  });\n});",
              "err": {},
              "uuid": "f7959a54-0da8-46aa-9955-ea91df9c3029",
              "parentUUID": "86ad565f-e995-4442-9552-e54183cfe418",
              "isHook": false,
              "skipped": false
            }
          ],
          "suites": [],
          "passes": [
            "f7959a54-0da8-46aa-9955-ea91df9c3029"
          ],
          "failures": [],
          "pending": [],
          "skipped": [],
          "duration": 10066,
          "root": false,
          "rootEmpty": false,
          "_timeout": 2000
        }
      ],
      "passes": [],
      "failures": [],
      "pending": [],
      "skipped": [],
      "duration": 0,
      "root": true,
      "rootEmpty": true,
      "_timeout": 2000
    }
  ],
  "meta": {
    "mocha": {
      "version": "7.0.1"
    },
    "mochawesome": {
      "options": {
        "quiet": false,
        "reportFilename": "mochawesome",
        "saveHtml": true,
        "saveJson": true,
        "consoleReporter": "spec",
        "useInlineDiffs": false,
        "code": true
      },
      "version": "7.1.3"
    },
    "marge": {
      "options": {
        "reportDir": "cypress/reports/mocha",
        "overwrite": false,
        "html": true,
        "json": true
      },
      "version": "6.2.0"
    }
  }
}